28-Apr-2026 21:07:31.823 INFO [main] org.apache.catalina.startup.VersionLoggerListener.log Server version name:   Apache Tomcat/9.0.117
28-Apr-2026 21:07:31.828 INFO [main] org.apache.catalina.startup.VersionLoggerListener.log Server built:          Mar 30 2026 18:21:16 UTC
28-Apr-2026 21:07:31.829 INFO [main] org.apache.catalina.startup.VersionLoggerListener.log Server version number: 9.0.117.0
28-Apr-2026 21:07:31.829 INFO [main] org.apache.catalina.startup.VersionLoggerListener.log OS Name:               Windows 11
28-Apr-2026 21:07:31.829 INFO [main] org.apache.catalina.startup.VersionLoggerListener.log OS Version:            10.0
28-Apr-2026 21:07:31.829 INFO [main] org.apache.catalina.startup.VersionLoggerListener.log Architecture:          amd64
28-Apr-2026 21:07:31.829 INFO [main] org.apache.catalina.startup.VersionLoggerListener.log Java Home:             C:\Program Files\Eclipse Adoptium\jdk-17.0.18.8-hotspot
28-Apr-2026 21:07:31.829 INFO [main] org.apache.catalina.startup.VersionLoggerListener.log JVM Version:           17.0.18+8
28-Apr-2026 21:07:31.829 INFO [main] org.apache.catalina.startup.VersionLoggerListener.log JVM Vendor:            Eclipse Adoptium
28-Apr-2026 21:07:31.829 INFO [main] org.apache.catalina.startup.VersionLoggerListener.log CATALINA_BASE:         C:\Users\Windows\sk\apache-tomcat-9.0.117
28-Apr-2026 21:07:31.829 INFO [main] org.apache.catalina.startup.VersionLoggerListener.log CATALINA_HOME:         C:\Users\Windows\sk\apache-tomcat-9.0.117
28-Apr-2026 21:07:31.846 INFO [main] org.apache.catalina.startup.VersionLoggerListener.log Command line argument: --add-opens=java.base/java.lang=ALL-UNNAMED
28-Apr-2026 21:07:31.847 INFO [main] org.apache.catalina.startup.VersionLoggerListener.log Command line argument: --add-opens=java.base/java.lang.invoke=ALL-UNNAMED
28-Apr-2026 21:07:31.847 INFO [main] org.apache.catalina.startup.VersionLoggerListener.log Command line argument: --add-opens=java.base/java.lang.reflect=ALL-UNNAMED
28-Apr-2026 21:07:31.847 INFO [main] org.apache.catalina.startup.VersionLoggerListener.log Command line argument: --add-opens=java.base/java.io=ALL-UNNAMED
28-Apr-2026 21:07:31.850 INFO [main] org.apache.catalina.startup.VersionLoggerListener.log Command line argument: --add-opens=java.base/java.util=ALL-UNNAMED
28-Apr-2026 21:07:31.850 INFO [main] org.apache.catalina.startup.VersionLoggerListener.log Command line argument: --add-opens=java.base/java.util.concurrent=ALL-UNNAMED
28-Apr-2026 21:07:31.850 INFO [main] org.apache.catalina.startup.VersionLoggerListener.log Command line argument: --add-opens=java.rmi/sun.rmi.transport=ALL-UNNAMED
28-Apr-2026 21:07:31.851 INFO [main] org.apache.catalina.startup.VersionLoggerListener.log Command line argument: -Djava.util.logging.config.file=C:\Users\Windows\sk\apache-tomcat-9.0.117\conf\logging.properties
28-Apr-2026 21:07:31.851 INFO [main] org.apache.catalina.startup.VersionLoggerListener.log Command line argument: -Djava.util.logging.manager=org.apache.juli.ClassLoaderLogManager
28-Apr-2026 21:07:31.851 INFO [main] org.apache.catalina.startup.VersionLoggerListener.log Command line argument: -Djdk.tls.ephemeralDHKeySize=2048
28-Apr-2026 21:07:31.851 INFO [main] org.apache.catalina.startup.VersionLoggerListener.log Command line argument: -Djava.protocol.handler.pkgs=org.apache.catalina.webresources
28-Apr-2026 21:07:31.851 INFO [main] org.apache.catalina.startup.VersionLoggerListener.log Command line argument: -Dsun.io.useCanonCaches=false
28-Apr-2026 21:07:31.851 INFO [main] org.apache.catalina.startup.VersionLoggerListener.log Command line argument: -Dignore.endorsed.dirs=
28-Apr-2026 21:07:31.851 INFO [main] org.apache.catalina.startup.VersionLoggerListener.log Command line argument: -Dcatalina.base=C:\Users\Windows\sk\apache-tomcat-9.0.117
28-Apr-2026 21:07:31.852 INFO [main] org.apache.catalina.startup.VersionLoggerListener.log Command line argument: -Dcatalina.home=C:\Users\Windows\sk\apache-tomcat-9.0.117
28-Apr-2026 21:07:31.852 INFO [main] org.apache.catalina.startup.VersionLoggerListener.log Command line argument: -Djava.io.tmpdir=C:\Users\Windows\sk\apache-tomcat-9.0.117\temp
28-Apr-2026 21:07:31.912 INFO [main] org.apache.catalina.core.AprLifecycleListener.lifecycleEvent Loaded Apache Tomcat Native library [1.3.7] using APR version [1.7.6].
28-Apr-2026 21:07:31.913 INFO [main] org.apache.catalina.core.AprLifecycleListener.lifecycleEvent APR capabilities: IPv6 [true], sendfile [true], accept filters [false], random [true], UDS [true].
28-Apr-2026 21:07:31.913 INFO [main] org.apache.catalina.core.AprLifecycleListener.lifecycleEvent APR/OpenSSL configuration: useAprConnector [false], useOpenSSL [true]
28-Apr-2026 21:07:31.919 INFO [main] org.apache.catalina.core.AprLifecycleListener.initializeSSL OpenSSL successfully initialized [OpenSSL 3.0.19 27 Jan 2026]
28-Apr-2026 21:07:32.257 INFO [main] org.apache.coyote.AbstractProtocol.init Initializing ProtocolHandler ["http-nio-8080"]
28-Apr-2026 21:07:32.295 INFO [main] org.apache.catalina.startup.Catalina.load Server initialization in [793] milliseconds
28-Apr-2026 21:07:32.366 INFO [main] org.apache.catalina.core.StandardService.startInternal Starting service [Catalina]
28-Apr-2026 21:07:32.366 INFO [main] org.apache.catalina.core.StandardEngine.startInternal Starting Servlet engine: [Apache Tomcat/9.0.117]
28-Apr-2026 21:07:32.381 INFO [main] org.apache.catalina.startup.HostConfig.deployDirectory Deploying web application directory [C:\Users\Windows\sk\apache-tomcat-9.0.117\webapps\docs]
28-Apr-2026 21:07:32.974 INFO [main] org.apache.catalina.startup.HostConfig.deployDirectory Deployment of web application directory [C:\Users\Windows\sk\apache-tomcat-9.0.117\webapps\docs] has finished in [593] ms
28-Apr-2026 21:07:32.974 INFO [main] org.apache.catalina.startup.HostConfig.deployDirectory Deploying web application directory [C:\Users\Windows\sk\apache-tomcat-9.0.117\webapps\examples]
28-Apr-2026 21:07:33.464 INFO [main] org.apache.catalina.startup.HostConfig.deployDirectory Deployment of web application directory [C:\Users\Windows\sk\apache-tomcat-9.0.117\webapps\examples] has finished in [490] ms
28-Apr-2026 21:07:33.464 INFO [main] org.apache.catalina.startup.HostConfig.deployDirectory Deploying web application directory [C:\Users\Windows\sk\apache-tomcat-9.0.117\webapps\host-manager]
28-Apr-2026 21:07:33.504 INFO [main] org.apache.catalina.startup.HostConfig.deployDirectory Deployment of web application directory [C:\Users\Windows\sk\apache-tomcat-9.0.117\webapps\host-manager] has finished in [40] ms
28-Apr-2026 21:07:33.507 INFO [main] org.apache.catalina.startup.HostConfig.deployDirectory Deploying web application directory [C:\Users\Windows\sk\apache-tomcat-9.0.117\webapps\HostelWebApp]
28-Apr-2026 21:07:33.860 INFO [main] org.apache.jasper.servlet.TldScanner.scanJars At least one JAR was scanned for TLDs yet contained no TLDs. Enable debug logging for this logger for a complete list of JARs that were scanned but no TLDs were found in them. Skipping unneeded JARs during scanning can improve startup time and JSP compilation time.
28-Apr-2026 21:07:33.870 INFO [main] org.apache.catalina.startup.HostConfig.deployDirectory Deployment of web application directory [C:\Users\Windows\sk\apache-tomcat-9.0.117\webapps\HostelWebApp] has finished in [366] ms
28-Apr-2026 21:07:33.870 INFO [main] org.apache.catalina.startup.HostConfig.deployDirectory Deploying web application directory [C:\Users\Windows\sk\apache-tomcat-9.0.117\webapps\manager]
28-Apr-2026 21:07:33.907 INFO [main] org.apache.catalina.startup.HostConfig.deployDirectory Deployment of web application directory [C:\Users\Windows\sk\apache-tomcat-9.0.117\webapps\manager] has finished in [37] ms
28-Apr-2026 21:07:33.907 INFO [main] org.apache.catalina.startup.HostConfig.deployDirectory Deploying web application directory [C:\Users\Windows\sk\apache-tomcat-9.0.117\webapps\ROOT]
28-Apr-2026 21:07:33.937 INFO [main] org.apache.catalina.startup.HostConfig.deployDirectory Deployment of web application directory [C:\Users\Windows\sk\apache-tomcat-9.0.117\webapps\ROOT] has finished in [30] ms
28-Apr-2026 21:07:33.942 INFO [main] org.apache.coyote.AbstractProtocol.start Starting ProtocolHandler ["http-nio-8080"]
28-Apr-2026 21:07:34.030 INFO [main] org.apache.catalina.startup.Catalina.start Server startup in [1733] milliseconds
28-Apr-2026 21:08:16.452 INFO [http-nio-8080-exec-1] org.apache.tomcat.util.http.parser.Cookie.logInvalidHeader A cookie header was received [g_state={"i_l":0,"i_ll":1777036444916,"i_b":"HzfSoBWrp68iovgWkKg3ATJC7GkyEWtYhfvyUaTYuhk","i_e":{"enable_itp_optimization":0},"i_et":1777036437026}] that contained an invalid cookie. That cookie will be ignored.
 Note: further occurrences of this error will be logged at DEBUG level.
28-Apr-2026 21:18:45.878 INFO [Catalina-utility-2] org.apache.catalina.startup.HostConfig.reload Reloading context [/HostelWebApp]
28-Apr-2026 21:18:45.878 INFO [Catalina-utility-2] org.apache.catalina.core.StandardContext.reload Reloading Context with name [/HostelWebApp] has started
28-Apr-2026 21:18:45.929 WARNING [Catalina-utility-2] org.apache.catalina.loader.WebappClassLoaderBase.clearReferencesJdbc The web application [HostelWebApp] registered the JDBC driver [com.mysql.cj.jdbc.Driver] but failed to unregister it when the web application was stopped. To prevent a memory leak, the JDBC Driver has been forcibly unregistered.
28-Apr-2026 21:18:45.931 WARNING [Catalina-utility-2] org.apache.catalina.loader.WebappClassLoaderBase.clearReferencesThreads The web application [HostelWebApp] appears to have started a thread named [mysql-cj-abandoned-connection-cleanup] but has failed to stop it. This is very likely to create a memory leak. Stack trace of thread:
 java.base@17.0.18/java.lang.Object.wait(Native Method)
 java.base@17.0.18/java.lang.ref.ReferenceQueue.remove(ReferenceQueue.java:155)
 com.mysql.cj.jdbc.AbandonedConnectionCleanupThread.run(AbandonedConnectionCleanupThread.java:91)
 java.base@17.0.18/java.util.concurrent.ThreadPoolExecutor.runWorker(ThreadPoolExecutor.java:1136)
 java.base@17.0.18/java.util.concurrent.ThreadPoolExecutor$Worker.run(ThreadPoolExecutor.java:635)
 java.base@17.0.18/java.lang.Thread.run(Thread.java:840)
28-Apr-2026 21:18:46.019 INFO [Catalina-utility-2] org.apache.catalina.core.StandardContext.reload Reloading Context with name [/HostelWebApp] is completed
28-Apr-2026 21:18:49.742 INFO [mysql-cj-abandoned-connection-cleanup] org.apache.catalina.loader.WebappClassLoaderBase.checkStateForResourceLoading Illegal access: this web application instance has been stopped already. Could not load []. The following stack trace is thrown for debugging purposes as well as to attempt to terminate the thread which caused the illegal access.
	java.lang.IllegalStateException: Illegal access: this web application instance has been stopped already. Could not load []. The following stack trace is thrown for debugging purposes as well as to attempt to terminate the thread which caused the illegal access.
		at org.apache.catalina.loader.WebappClassLoaderBase.checkStateForResourceLoading(WebappClassLoaderBase.java:1370)
		at org.apache.catalina.loader.WebappClassLoaderBase.getResource(WebappClassLoaderBase.java:994)
		at com.mysql.cj.jdbc.AbandonedConnectionCleanupThread.checkThreadContextClassLoader(AbandonedConnectionCleanupThread.java:123)
		at com.mysql.cj.jdbc.AbandonedConnectionCleanupThread.run(AbandonedConnectionCleanupThread.java:90)
		at java.base/java.util.concurrent.ThreadPoolExecutor.runWorker(ThreadPoolExecutor.java:1136)
		at java.base/java.util.concurrent.ThreadPoolExecutor$Worker.run(ThreadPoolExecutor.java:635)
		at java.base/java.lang.Thread.run(Thread.java:840)
28-Apr-2026 21:21:56.261 INFO [Catalina-utility-1] org.apache.catalina.startup.HostConfig.reload Reloading context [/HostelWebApp]
28-Apr-2026 21:21:56.261 INFO [Catalina-utility-1] org.apache.catalina.core.StandardContext.reload Reloading Context with name [/HostelWebApp] has started
28-Apr-2026 21:21:56.450 INFO [Catalina-utility-1] org.apache.jasper.servlet.TldScanner.scanJars At least one JAR was scanned for TLDs yet contained no TLDs. Enable debug logging for this logger for a complete list of JARs that were scanned but no TLDs were found in them. Skipping unneeded JARs during scanning can improve startup time and JSP compilation time.
28-Apr-2026 21:21:56.453 INFO [Catalina-utility-1] org.apache.catalina.core.StandardContext.reload Reloading Context with name [/HostelWebApp] is completed
28-Apr-2026 21:30:48.265 INFO [main] org.apache.catalina.startup.VersionLoggerListener.log Server version name:   Apache Tomcat/9.0.117
28-Apr-2026 21:30:48.268 INFO [main] org.apache.catalina.startup.VersionLoggerListener.log Server built:          Mar 30 2026 18:21:16 UTC
28-Apr-2026 21:30:48.269 INFO [main] org.apache.catalina.startup.VersionLoggerListener.log Server version number: 9.0.117.0
28-Apr-2026 21:30:48.269 INFO [main] org.apache.catalina.startup.VersionLoggerListener.log OS Name:               Windows 11
28-Apr-2026 21:30:48.269 INFO [main] org.apache.catalina.startup.VersionLoggerListener.log OS Version:            10.0
28-Apr-2026 21:30:48.269 INFO [main] org.apache.catalina.startup.VersionLoggerListener.log Architecture:          amd64
28-Apr-2026 21:30:48.269 INFO [main] org.apache.catalina.startup.VersionLoggerListener.log Java Home:             C:\Program Files\Eclipse Adoptium\jdk-17.0.18.8-hotspot
28-Apr-2026 21:30:48.269 INFO [main] org.apache.catalina.startup.VersionLoggerListener.log JVM Version:           17.0.18+8
28-Apr-2026 21:30:48.269 INFO [main] org.apache.catalina.startup.VersionLoggerListener.log JVM Vendor:            Eclipse Adoptium
28-Apr-2026 21:30:48.270 INFO [main] org.apache.catalina.startup.VersionLoggerListener.log CATALINA_BASE:         C:\Users\Windows\sk\apache-tomcat-9.0.117
28-Apr-2026 21:30:48.270 INFO [main] org.apache.catalina.startup.VersionLoggerListener.log CATALINA_HOME:         C:\Users\Windows\sk\apache-tomcat-9.0.117
28-Apr-2026 21:30:48.279 INFO [main] org.apache.catalina.startup.VersionLoggerListener.log Command line argument: --add-opens=java.base/java.lang=ALL-UNNAMED
28-Apr-2026 21:30:48.279 INFO [main] org.apache.catalina.startup.VersionLoggerListener.log Command line argument: --add-opens=java.base/java.lang.invoke=ALL-UNNAMED
28-Apr-2026 21:30:48.279 INFO [main] org.apache.catalina.startup.VersionLoggerListener.log Command line argument: --add-opens=java.base/java.lang.reflect=ALL-UNNAMED
28-Apr-2026 21:30:48.279 INFO [main] org.apache.catalina.startup.VersionLoggerListener.log Command line argument: --add-opens=java.base/java.io=ALL-UNNAMED
28-Apr-2026 21:30:48.279 INFO [main] org.apache.catalina.startup.VersionLoggerListener.log Command line argument: --add-opens=java.base/java.util=ALL-UNNAMED
28-Apr-2026 21:30:48.279 INFO [main] org.apache.catalina.startup.VersionLoggerListener.log Command line argument: --add-opens=java.base/java.util.concurrent=ALL-UNNAMED
28-Apr-2026 21:30:48.279 INFO [main] org.apache.catalina.startup.VersionLoggerListener.log Command line argument: --add-opens=java.rmi/sun.rmi.transport=ALL-UNNAMED
28-Apr-2026 21:30:48.280 INFO [main] org.apache.catalina.startup.VersionLoggerListener.log Command line argument: -Djava.util.logging.config.file=C:\Users\Windows\sk\apache-tomcat-9.0.117\conf\logging.properties
28-Apr-2026 21:30:48.280 INFO [main] org.apache.catalina.startup.VersionLoggerListener.log Command line argument: -Djava.util.logging.manager=org.apache.juli.ClassLoaderLogManager
28-Apr-2026 21:30:48.280 INFO [main] org.apache.catalina.startup.VersionLoggerListener.log Command line argument: -Djdk.tls.ephemeralDHKeySize=2048
28-Apr-2026 21:30:48.280 INFO [main] org.apache.catalina.startup.VersionLoggerListener.log Command line argument: -Djava.protocol.handler.pkgs=org.apache.catalina.webresources
28-Apr-2026 21:30:48.280 INFO [main] org.apache.catalina.startup.VersionLoggerListener.log Command line argument: -Dsun.io.useCanonCaches=false
28-Apr-2026 21:30:48.280 INFO [main] org.apache.catalina.startup.VersionLoggerListener.log Command line argument: -Dignore.endorsed.dirs=
28-Apr-2026 21:30:48.280 INFO [main] org.apache.catalina.startup.VersionLoggerListener.log Command line argument: -Dcatalina.base=C:\Users\Windows\sk\apache-tomcat-9.0.117
28-Apr-2026 21:30:48.280 INFO [main] org.apache.catalina.startup.VersionLoggerListener.log Command line argument: -Dcatalina.home=C:\Users\Windows\sk\apache-tomcat-9.0.117
28-Apr-2026 21:30:48.280 INFO [main] org.apache.catalina.startup.VersionLoggerListener.log Command line argument: -Djava.io.tmpdir=C:\Users\Windows\sk\apache-tomcat-9.0.117\temp
28-Apr-2026 21:30:48.284 INFO [main] org.apache.catalina.core.AprLifecycleListener.lifecycleEvent Loaded Apache Tomcat Native library [1.3.7] using APR version [1.7.6].
28-Apr-2026 21:30:48.284 INFO [main] org.apache.catalina.core.AprLifecycleListener.lifecycleEvent APR capabilities: IPv6 [true], sendfile [true], accept filters [false], random [true], UDS [true].
28-Apr-2026 21:30:48.284 INFO [main] org.apache.catalina.core.AprLifecycleListener.lifecycleEvent APR/OpenSSL configuration: useAprConnector [false], useOpenSSL [true]
28-Apr-2026 21:30:48.288 INFO [main] org.apache.catalina.core.AprLifecycleListener.initializeSSL OpenSSL successfully initialized [OpenSSL 3.0.19 27 Jan 2026]
28-Apr-2026 21:30:48.480 INFO [main] org.apache.coyote.AbstractProtocol.init Initializing ProtocolHandler ["http-nio-8080"]
28-Apr-2026 21:30:48.507 INFO [main] org.apache.catalina.startup.Catalina.load Server initialization in [374] milliseconds
28-Apr-2026 21:30:48.574 INFO [main] org.apache.catalina.core.StandardService.startInternal Starting service [Catalina]
28-Apr-2026 21:30:48.574 INFO [main] org.apache.catalina.core.StandardEngine.startInternal Starting Servlet engine: [Apache Tomcat/9.0.117]
28-Apr-2026 21:30:48.580 INFO [main] org.apache.catalina.startup.HostConfig.deployDirectory Deploying web application directory [C:\Users\Windows\sk\apache-tomcat-9.0.117\webapps\docs]
28-Apr-2026 21:30:48.897 INFO [main] org.apache.catalina.startup.HostConfig.deployDirectory Deployment of web application directory [C:\Users\Windows\sk\apache-tomcat-9.0.117\webapps\docs] has finished in [317] ms
28-Apr-2026 21:30:48.898 INFO [main] org.apache.catalina.startup.HostConfig.deployDirectory Deploying web application directory [C:\Users\Windows\sk\apache-tomcat-9.0.117\webapps\examples]
28-Apr-2026 21:30:49.220 INFO [main] org.apache.catalina.startup.HostConfig.deployDirectory Deployment of web application directory [C:\Users\Windows\sk\apache-tomcat-9.0.117\webapps\examples] has finished in [323] ms
28-Apr-2026 21:30:49.221 INFO [main] org.apache.catalina.startup.HostConfig.deployDirectory Deploying web application directory [C:\Users\Windows\sk\apache-tomcat-9.0.117\webapps\host-manager]
28-Apr-2026 21:30:49.248 INFO [main] org.apache.catalina.startup.HostConfig.deployDirectory Deployment of web application directory [C:\Users\Windows\sk\apache-tomcat-9.0.117\webapps\host-manager] has finished in [27] ms
28-Apr-2026 21:30:49.250 INFO [main] org.apache.catalina.startup.HostConfig.deployDirectory Deploying web application directory [C:\Users\Windows\sk\apache-tomcat-9.0.117\webapps\HostelWebApp]
28-Apr-2026 21:30:49.467 INFO [main] org.apache.jasper.servlet.TldScanner.scanJars At least one JAR was scanned for TLDs yet contained no TLDs. Enable debug logging for this logger for a complete list of JARs that were scanned but no TLDs were found in them. Skipping unneeded JARs during scanning can improve startup time and JSP compilation time.
28-Apr-2026 21:30:49.473 INFO [main] org.apache.catalina.startup.HostConfig.deployDirectory Deployment of web application directory [C:\Users\Windows\sk\apache-tomcat-9.0.117\webapps\HostelWebApp] has finished in [223] ms
28-Apr-2026 21:30:49.474 INFO [main] org.apache.catalina.startup.HostConfig.deployDirectory Deploying web application directory [C:\Users\Windows\sk\apache-tomcat-9.0.117\webapps\manager]
28-Apr-2026 21:30:49.496 INFO [main] org.apache.catalina.startup.HostConfig.deployDirectory Deployment of web application directory [C:\Users\Windows\sk\apache-tomcat-9.0.117\webapps\manager] has finished in [23] ms
28-Apr-2026 21:30:49.497 INFO [main] org.apache.catalina.startup.HostConfig.deployDirectory Deploying web application directory [C:\Users\Windows\sk\apache-tomcat-9.0.117\webapps\ROOT]
28-Apr-2026 21:30:49.520 INFO [main] org.apache.catalina.startup.HostConfig.deployDirectory Deployment of web application directory [C:\Users\Windows\sk\apache-tomcat-9.0.117\webapps\ROOT] has finished in [23] ms
28-Apr-2026 21:30:49.523 INFO [main] org.apache.coyote.AbstractProtocol.start Starting ProtocolHandler ["http-nio-8080"]
28-Apr-2026 21:30:49.578 INFO [main] org.apache.catalina.startup.Catalina.start Server startup in [1070] milliseconds
28-Apr-2026 21:31:34.528 INFO [http-nio-8080-exec-4] org.apache.tomcat.util.http.parser.Cookie.logInvalidHeader A cookie header was received [g_state={"i_l":0,"i_ll":1777036444916,"i_b":"HzfSoBWrp68iovgWkKg3ATJC7GkyEWtYhfvyUaTYuhk","i_e":{"enable_itp_optimization":0},"i_et":1777036437026}] that contained an invalid cookie. That cookie will be ignored.
 Note: further occurrences of this error will be logged at DEBUG level.
28-Apr-2026 21:45:18.098 INFO [main] org.apache.catalina.startup.VersionLoggerListener.log Server version name:   Apache Tomcat/9.0.117
28-Apr-2026 21:45:18.102 INFO [main] org.apache.catalina.startup.VersionLoggerListener.log Server built:          Mar 30 2026 18:21:16 UTC
28-Apr-2026 21:45:18.102 INFO [main] org.apache.catalina.startup.VersionLoggerListener.log Server version number: 9.0.117.0
28-Apr-2026 21:45:18.102 INFO [main] org.apache.catalina.startup.VersionLoggerListener.log OS Name:               Windows 11
28-Apr-2026 21:45:18.102 INFO [main] org.apache.catalina.startup.VersionLoggerListener.log OS Version:            10.0
28-Apr-2026 21:45:18.102 INFO [main] org.apache.catalina.startup.VersionLoggerListener.log Architecture:          amd64
28-Apr-2026 21:45:18.102 INFO [main] org.apache.catalina.startup.VersionLoggerListener.log Java Home:             C:\Program Files\Eclipse Adoptium\jdk-17.0.18.8-hotspot
28-Apr-2026 21:45:18.102 INFO [main] org.apache.catalina.startup.VersionLoggerListener.log JVM Version:           17.0.18+8
28-Apr-2026 21:45:18.103 INFO [main] org.apache.catalina.startup.VersionLoggerListener.log JVM Vendor:            Eclipse Adoptium
28-Apr-2026 21:45:18.103 INFO [main] org.apache.catalina.startup.VersionLoggerListener.log CATALINA_BASE:         C:\Users\Windows\sk\apache-tomcat-9.0.117
28-Apr-2026 21:45:18.103 INFO [main] org.apache.catalina.startup.VersionLoggerListener.log CATALINA_HOME:         C:\Users\Windows\sk\apache-tomcat-9.0.117
28-Apr-2026 21:45:18.113 INFO [main] org.apache.catalina.startup.VersionLoggerListener.log Command line argument: --add-opens=java.base/java.lang=ALL-UNNAMED
28-Apr-2026 21:45:18.113 INFO [main] org.apache.catalina.startup.VersionLoggerListener.log Command line argument: --add-opens=java.base/java.lang.invoke=ALL-UNNAMED
28-Apr-2026 21:45:18.113 INFO [main] org.apache.catalina.startup.VersionLoggerListener.log Command line argument: --add-opens=java.base/java.lang.reflect=ALL-UNNAMED
28-Apr-2026 21:45:18.113 INFO [main] org.apache.catalina.startup.VersionLoggerListener.log Command line argument: --add-opens=java.base/java.io=ALL-UNNAMED
28-Apr-2026 21:45:18.113 INFO [main] org.apache.catalina.startup.VersionLoggerListener.log Command line argument: --add-opens=java.base/java.util=ALL-UNNAMED
28-Apr-2026 21:45:18.113 INFO [main] org.apache.catalina.startup.VersionLoggerListener.log Command line argument: --add-opens=java.base/java.util.concurrent=ALL-UNNAMED
28-Apr-2026 21:45:18.113 INFO [main] org.apache.catalina.startup.VersionLoggerListener.log Command line argument: --add-opens=java.rmi/sun.rmi.transport=ALL-UNNAMED
28-Apr-2026 21:45:18.113 INFO [main] org.apache.catalina.startup.VersionLoggerListener.log Command line argument: -Djava.util.logging.config.file=C:\Users\Windows\sk\apache-tomcat-9.0.117\conf\logging.properties
28-Apr-2026 21:45:18.113 INFO [main] org.apache.catalina.startup.VersionLoggerListener.log Command line argument: -Djava.util.logging.manager=org.apache.juli.ClassLoaderLogManager
28-Apr-2026 21:45:18.114 INFO [main] org.apache.catalina.startup.VersionLoggerListener.log Command line argument: -Djdk.tls.ephemeralDHKeySize=2048
28-Apr-2026 21:45:18.114 INFO [main] org.apache.catalina.startup.VersionLoggerListener.log Command line argument: -Djava.protocol.handler.pkgs=org.apache.catalina.webresources
28-Apr-2026 21:45:18.114 INFO [main] org.apache.catalina.startup.VersionLoggerListener.log Command line argument: -Dsun.io.useCanonCaches=false
28-Apr-2026 21:45:18.114 INFO [main] org.apache.catalina.startup.VersionLoggerListener.log Command line argument: -Dignore.endorsed.dirs=
28-Apr-2026 21:45:18.114 INFO [main] org.apache.catalina.startup.VersionLoggerListener.log Command line argument: -Dcatalina.base=C:\Users\Windows\sk\apache-tomcat-9.0.117
28-Apr-2026 21:45:18.114 INFO [main] org.apache.catalina.startup.VersionLoggerListener.log Command line argument: -Dcatalina.home=C:\Users\Windows\sk\apache-tomcat-9.0.117
28-Apr-2026 21:45:18.114 INFO [main] org.apache.catalina.startup.VersionLoggerListener.log Command line argument: -Djava.io.tmpdir=C:\Users\Windows\sk\apache-tomcat-9.0.117\temp
28-Apr-2026 21:45:18.118 INFO [main] org.apache.catalina.core.AprLifecycleListener.lifecycleEvent Loaded Apache Tomcat Native library [1.3.7] using APR version [1.7.6].
28-Apr-2026 21:45:18.118 INFO [main] org.apache.catalina.core.AprLifecycleListener.lifecycleEvent APR capabilities: IPv6 [true], sendfile [true], accept filters [false], random [true], UDS [true].
28-Apr-2026 21:45:18.118 INFO [main] org.apache.catalina.core.AprLifecycleListener.lifecycleEvent APR/OpenSSL configuration: useAprConnector [false], useOpenSSL [true]
28-Apr-2026 21:45:18.122 INFO [main] org.apache.catalina.core.AprLifecycleListener.initializeSSL OpenSSL successfully initialized [OpenSSL 3.0.19 27 Jan 2026]
28-Apr-2026 21:45:18.319 INFO [main] org.apache.coyote.AbstractProtocol.init Initializing ProtocolHandler ["http-nio-8080"]
28-Apr-2026 21:45:18.349 INFO [main] org.apache.catalina.startup.Catalina.load Server initialization in [376] milliseconds
28-Apr-2026 21:45:18.415 INFO [main] org.apache.catalina.core.StandardService.startInternal Starting service [Catalina]
28-Apr-2026 21:45:18.415 INFO [main] org.apache.catalina.core.StandardEngine.startInternal Starting Servlet engine: [Apache Tomcat/9.0.117]
28-Apr-2026 21:45:18.428 INFO [main] org.apache.catalina.startup.HostConfig.deployDirectory Deploying web application directory [C:\Users\Windows\sk\apache-tomcat-9.0.117\webapps\docs]
28-Apr-2026 21:45:18.738 INFO [main] org.apache.catalina.startup.HostConfig.deployDirectory Deployment of web application directory [C:\Users\Windows\sk\apache-tomcat-9.0.117\webapps\docs] has finished in [310] ms
28-Apr-2026 21:45:18.739 INFO [main] org.apache.catalina.startup.HostConfig.deployDirectory Deploying web application directory [C:\Users\Windows\sk\apache-tomcat-9.0.117\webapps\examples]
28-Apr-2026 21:45:19.058 INFO [main] org.apache.catalina.startup.HostConfig.deployDirectory Deployment of web application directory [C:\Users\Windows\sk\apache-tomcat-9.0.117\webapps\examples] has finished in [319] ms
28-Apr-2026 21:45:19.059 INFO [main] org.apache.catalina.startup.HostConfig.deployDirectory Deploying web application directory [C:\Users\Windows\sk\apache-tomcat-9.0.117\webapps\host-manager]
28-Apr-2026 21:45:19.084 INFO [main] org.apache.catalina.startup.HostConfig.deployDirectory Deployment of web application directory [C:\Users\Windows\sk\apache-tomcat-9.0.117\webapps\host-manager] has finished in [25] ms
28-Apr-2026 21:45:19.084 INFO [main] org.apache.catalina.startup.HostConfig.deployDirectory Deploying web application directory [C:\Users\Windows\sk\apache-tomcat-9.0.117\webapps\HostelWebApp]
28-Apr-2026 21:45:19.285 INFO [main] org.apache.jasper.servlet.TldScanner.scanJars At least one JAR was scanned for TLDs yet contained no TLDs. Enable debug logging for this logger for a complete list of JARs that were scanned but no TLDs were found in them. Skipping unneeded JARs during scanning can improve startup time and JSP compilation time.
28-Apr-2026 21:45:19.290 INFO [main] org.apache.catalina.startup.HostConfig.deployDirectory Deployment of web application directory [C:\Users\Windows\sk\apache-tomcat-9.0.117\webapps\HostelWebApp] has finished in [205] ms
28-Apr-2026 21:45:19.290 INFO [main] org.apache.catalina.startup.HostConfig.deployDirectory Deploying web application directory [C:\Users\Windows\sk\apache-tomcat-9.0.117\webapps\manager]
28-Apr-2026 21:45:19.313 INFO [main] org.apache.catalina.startup.HostConfig.deployDirectory Deployment of web application directory [C:\Users\Windows\sk\apache-tomcat-9.0.117\webapps\manager] has finished in [23] ms
28-Apr-2026 21:45:19.313 INFO [main] org.apache.catalina.startup.HostConfig.deployDirectory Deploying web application directory [C:\Users\Windows\sk\apache-tomcat-9.0.117\webapps\ROOT]
28-Apr-2026 21:45:19.329 INFO [main] org.apache.catalina.startup.HostConfig.deployDirectory Deployment of web application directory [C:\Users\Windows\sk\apache-tomcat-9.0.117\webapps\ROOT] has finished in [16] ms
28-Apr-2026 21:45:19.332 INFO [main] org.apache.coyote.AbstractProtocol.start Starting ProtocolHandler ["http-nio-8080"]
28-Apr-2026 21:45:19.385 INFO [main] org.apache.catalina.startup.Catalina.start Server startup in [1035] milliseconds
28-Apr-2026 21:45:54.426 INFO [http-nio-8080-exec-3] org.apache.tomcat.util.http.parser.Cookie.logInvalidHeader A cookie header was received [g_state={"i_l":0,"i_ll":1777036444916,"i_b":"HzfSoBWrp68iovgWkKg3ATJC7GkyEWtYhfvyUaTYuhk","i_e":{"enable_itp_optimization":0},"i_et":1777036437026}] that contained an invalid cookie. That cookie will be ignored.
 Note: further occurrences of this error will be logged at DEBUG level.
