05-May-2026 21:30:40.961 INFO [main] org.apache.catalina.startup.VersionLoggerListener.log Server version name:   Apache Tomcat/9.0.117
05-May-2026 21:30:40.965 INFO [main] org.apache.catalina.startup.VersionLoggerListener.log Server built:          Mar 30 2026 18:21:16 UTC
05-May-2026 21:30:40.965 INFO [main] org.apache.catalina.startup.VersionLoggerListener.log Server version number: 9.0.117.0
05-May-2026 21:30:40.965 INFO [main] org.apache.catalina.startup.VersionLoggerListener.log OS Name:               Windows 11
05-May-2026 21:30:40.965 INFO [main] org.apache.catalina.startup.VersionLoggerListener.log OS Version:            10.0
05-May-2026 21:30:40.965 INFO [main] org.apache.catalina.startup.VersionLoggerListener.log Architecture:          amd64
05-May-2026 21:30:40.966 INFO [main] org.apache.catalina.startup.VersionLoggerListener.log Java Home:             C:\Program Files\Eclipse Adoptium\jdk-17.0.18.8-hotspot
05-May-2026 21:30:40.966 INFO [main] org.apache.catalina.startup.VersionLoggerListener.log JVM Version:           17.0.18+8
05-May-2026 21:30:40.966 INFO [main] org.apache.catalina.startup.VersionLoggerListener.log JVM Vendor:            Eclipse Adoptium
05-May-2026 21:30:40.966 INFO [main] org.apache.catalina.startup.VersionLoggerListener.log CATALINA_BASE:         C:\Users\Windows\sk\apache-tomcat-9.0.117
05-May-2026 21:30:40.966 INFO [main] org.apache.catalina.startup.VersionLoggerListener.log CATALINA_HOME:         C:\Users\Windows\sk\apache-tomcat-9.0.117
05-May-2026 21:30:41.123 INFO [main] org.apache.catalina.startup.VersionLoggerListener.log Command line argument: --add-opens=java.base/java.lang=ALL-UNNAMED
05-May-2026 21:30:41.123 INFO [main] org.apache.catalina.startup.VersionLoggerListener.log Command line argument: --add-opens=java.base/java.lang.invoke=ALL-UNNAMED
05-May-2026 21:30:41.124 INFO [main] org.apache.catalina.startup.VersionLoggerListener.log Command line argument: --add-opens=java.base/java.lang.reflect=ALL-UNNAMED
05-May-2026 21:30:41.124 INFO [main] org.apache.catalina.startup.VersionLoggerListener.log Command line argument: --add-opens=java.base/java.io=ALL-UNNAMED
05-May-2026 21:30:41.124 INFO [main] org.apache.catalina.startup.VersionLoggerListener.log Command line argument: --add-opens=java.base/java.util=ALL-UNNAMED
05-May-2026 21:30:41.124 INFO [main] org.apache.catalina.startup.VersionLoggerListener.log Command line argument: --add-opens=java.base/java.util.concurrent=ALL-UNNAMED
05-May-2026 21:30:41.124 INFO [main] org.apache.catalina.startup.VersionLoggerListener.log Command line argument: --add-opens=java.rmi/sun.rmi.transport=ALL-UNNAMED
05-May-2026 21:30:41.124 INFO [main] org.apache.catalina.startup.VersionLoggerListener.log Command line argument: -Djava.util.logging.config.file=C:\Users\Windows\sk\apache-tomcat-9.0.117\conf\logging.properties
05-May-2026 21:30:41.124 INFO [main] org.apache.catalina.startup.VersionLoggerListener.log Command line argument: -Djava.util.logging.manager=org.apache.juli.ClassLoaderLogManager
05-May-2026 21:30:41.124 INFO [main] org.apache.catalina.startup.VersionLoggerListener.log Command line argument: -Djdk.tls.ephemeralDHKeySize=2048
05-May-2026 21:30:41.124 INFO [main] org.apache.catalina.startup.VersionLoggerListener.log Command line argument: -Djava.protocol.handler.pkgs=org.apache.catalina.webresources
05-May-2026 21:30:41.125 INFO [main] org.apache.catalina.startup.VersionLoggerListener.log Command line argument: -Dsun.io.useCanonCaches=false
05-May-2026 21:30:41.125 INFO [main] org.apache.catalina.startup.VersionLoggerListener.log Command line argument: -Dignore.endorsed.dirs=
05-May-2026 21:30:41.125 INFO [main] org.apache.catalina.startup.VersionLoggerListener.log Command line argument: -Dcatalina.base=C:\Users\Windows\sk\apache-tomcat-9.0.117
05-May-2026 21:30:41.125 INFO [main] org.apache.catalina.startup.VersionLoggerListener.log Command line argument: -Dcatalina.home=C:\Users\Windows\sk\apache-tomcat-9.0.117
05-May-2026 21:30:41.125 INFO [main] org.apache.catalina.startup.VersionLoggerListener.log Command line argument: -Djava.io.tmpdir=C:\Users\Windows\sk\apache-tomcat-9.0.117\temp
05-May-2026 21:30:41.176 INFO [main] org.apache.catalina.core.AprLifecycleListener.lifecycleEvent Loaded Apache Tomcat Native library [1.3.7] using APR version [1.7.6].
05-May-2026 21:30:41.176 INFO [main] org.apache.catalina.core.AprLifecycleListener.lifecycleEvent APR capabilities: IPv6 [true], sendfile [true], accept filters [false], random [true], UDS [true].
05-May-2026 21:30:41.176 INFO [main] org.apache.catalina.core.AprLifecycleListener.lifecycleEvent APR/OpenSSL configuration: useAprConnector [false], useOpenSSL [true]
05-May-2026 21:30:41.180 INFO [main] org.apache.catalina.core.AprLifecycleListener.initializeSSL OpenSSL successfully initialized [OpenSSL 3.0.19 27 Jan 2026]
05-May-2026 21:30:41.388 INFO [main] org.apache.coyote.AbstractProtocol.init Initializing ProtocolHandler ["http-nio-8080"]
05-May-2026 21:30:41.495 INFO [main] org.apache.catalina.startup.Catalina.load Server initialization in [694] milliseconds
05-May-2026 21:30:41.553 INFO [main] org.apache.catalina.core.StandardService.startInternal Starting service [Catalina]
05-May-2026 21:30:41.554 INFO [main] org.apache.catalina.core.StandardEngine.startInternal Starting Servlet engine: [Apache Tomcat/9.0.117]
05-May-2026 21:30:41.561 INFO [main] org.apache.catalina.startup.HostConfig.deployDirectory Deploying web application directory [C:\Users\Windows\sk\apache-tomcat-9.0.117\webapps\docs]
05-May-2026 21:30:41.957 INFO [main] org.apache.catalina.startup.HostConfig.deployDirectory Deployment of web application directory [C:\Users\Windows\sk\apache-tomcat-9.0.117\webapps\docs] has finished in [395] ms
05-May-2026 21:30:41.957 INFO [main] org.apache.catalina.startup.HostConfig.deployDirectory Deploying web application directory [C:\Users\Windows\sk\apache-tomcat-9.0.117\webapps\examples]
05-May-2026 21:30:42.272 INFO [main] org.apache.catalina.startup.HostConfig.deployDirectory Deployment of web application directory [C:\Users\Windows\sk\apache-tomcat-9.0.117\webapps\examples] has finished in [314] ms
05-May-2026 21:30:42.272 INFO [main] org.apache.catalina.startup.HostConfig.deployDirectory Deploying web application directory [C:\Users\Windows\sk\apache-tomcat-9.0.117\webapps\host-manager]
05-May-2026 21:30:42.300 INFO [main] org.apache.catalina.startup.HostConfig.deployDirectory Deployment of web application directory [C:\Users\Windows\sk\apache-tomcat-9.0.117\webapps\host-manager] has finished in [28] ms
05-May-2026 21:30:42.300 INFO [main] org.apache.catalina.startup.HostConfig.deployDirectory Deploying web application directory [C:\Users\Windows\sk\apache-tomcat-9.0.117\webapps\HostelWebApp]
05-May-2026 21:30:42.519 INFO [main] org.apache.jasper.servlet.TldScanner.scanJars At least one JAR was scanned for TLDs yet contained no TLDs. Enable debug logging for this logger for a complete list of JARs that were scanned but no TLDs were found in them. Skipping unneeded JARs during scanning can improve startup time and JSP compilation time.
05-May-2026 21:30:42.525 INFO [main] org.apache.catalina.startup.HostConfig.deployDirectory Deployment of web application directory [C:\Users\Windows\sk\apache-tomcat-9.0.117\webapps\HostelWebApp] has finished in [225] ms
05-May-2026 21:30:42.526 INFO [main] org.apache.catalina.startup.HostConfig.deployDirectory Deploying web application directory [C:\Users\Windows\sk\apache-tomcat-9.0.117\webapps\manager]
05-May-2026 21:30:42.547 INFO [main] org.apache.catalina.startup.HostConfig.deployDirectory Deployment of web application directory [C:\Users\Windows\sk\apache-tomcat-9.0.117\webapps\manager] has finished in [21] ms
05-May-2026 21:30:42.547 INFO [main] org.apache.catalina.startup.HostConfig.deployDirectory Deploying web application directory [C:\Users\Windows\sk\apache-tomcat-9.0.117\webapps\ROOT]
05-May-2026 21:30:42.565 INFO [main] org.apache.catalina.startup.HostConfig.deployDirectory Deployment of web application directory [C:\Users\Windows\sk\apache-tomcat-9.0.117\webapps\ROOT] has finished in [17] ms
05-May-2026 21:30:42.568 INFO [main] org.apache.coyote.AbstractProtocol.start Starting ProtocolHandler ["http-nio-8080"]
05-May-2026 21:30:42.630 INFO [main] org.apache.catalina.startup.Catalina.start Server startup in [1133] milliseconds
05-May-2026 21:31:10.421 INFO [http-nio-8080-exec-1] org.apache.tomcat.util.http.parser.Cookie.logInvalidHeader A cookie header was received [g_state={"i_l":0,"i_ll":1777036444916,"i_b":"HzfSoBWrp68iovgWkKg3ATJC7GkyEWtYhfvyUaTYuhk","i_e":{"enable_itp_optimization":0},"i_et":1777036437026}] that contained an invalid cookie. That cookie will be ignored.
 Note: further occurrences of this error will be logged at DEBUG level.
05-May-2026 21:44:50.285 INFO [main] org.apache.catalina.startup.VersionLoggerListener.log Server version name:   Apache Tomcat/9.0.117
05-May-2026 21:44:50.289 INFO [main] org.apache.catalina.startup.VersionLoggerListener.log Server built:          Mar 30 2026 18:21:16 UTC
05-May-2026 21:44:50.289 INFO [main] org.apache.catalina.startup.VersionLoggerListener.log Server version number: 9.0.117.0
05-May-2026 21:44:50.289 INFO [main] org.apache.catalina.startup.VersionLoggerListener.log OS Name:               Windows 11
05-May-2026 21:44:50.289 INFO [main] org.apache.catalina.startup.VersionLoggerListener.log OS Version:            10.0
05-May-2026 21:44:50.290 INFO [main] org.apache.catalina.startup.VersionLoggerListener.log Architecture:          amd64
05-May-2026 21:44:50.290 INFO [main] org.apache.catalina.startup.VersionLoggerListener.log Java Home:             C:\Program Files\Eclipse Adoptium\jdk-17.0.18.8-hotspot
05-May-2026 21:44:50.290 INFO [main] org.apache.catalina.startup.VersionLoggerListener.log JVM Version:           17.0.18+8
05-May-2026 21:44:50.290 INFO [main] org.apache.catalina.startup.VersionLoggerListener.log JVM Vendor:            Eclipse Adoptium
05-May-2026 21:44:50.290 INFO [main] org.apache.catalina.startup.VersionLoggerListener.log CATALINA_BASE:         C:\Users\Windows\sk\apache-tomcat-9.0.117
05-May-2026 21:44:50.290 INFO [main] org.apache.catalina.startup.VersionLoggerListener.log CATALINA_HOME:         C:\Users\Windows\sk\apache-tomcat-9.0.117
05-May-2026 21:44:50.299 INFO [main] org.apache.catalina.startup.VersionLoggerListener.log Command line argument: --add-opens=java.base/java.lang=ALL-UNNAMED
05-May-2026 21:44:50.300 INFO [main] org.apache.catalina.startup.VersionLoggerListener.log Command line argument: --add-opens=java.base/java.lang.invoke=ALL-UNNAMED
05-May-2026 21:44:50.300 INFO [main] org.apache.catalina.startup.VersionLoggerListener.log Command line argument: --add-opens=java.base/java.lang.reflect=ALL-UNNAMED
05-May-2026 21:44:50.300 INFO [main] org.apache.catalina.startup.VersionLoggerListener.log Command line argument: --add-opens=java.base/java.io=ALL-UNNAMED
05-May-2026 21:44:50.300 INFO [main] org.apache.catalina.startup.VersionLoggerListener.log Command line argument: --add-opens=java.base/java.util=ALL-UNNAMED
05-May-2026 21:44:50.300 INFO [main] org.apache.catalina.startup.VersionLoggerListener.log Command line argument: --add-opens=java.base/java.util.concurrent=ALL-UNNAMED
05-May-2026 21:44:50.300 INFO [main] org.apache.catalina.startup.VersionLoggerListener.log Command line argument: --add-opens=java.rmi/sun.rmi.transport=ALL-UNNAMED
05-May-2026 21:44:50.300 INFO [main] org.apache.catalina.startup.VersionLoggerListener.log Command line argument: -Djava.util.logging.config.file=C:\Users\Windows\sk\apache-tomcat-9.0.117\conf\logging.properties
05-May-2026 21:44:50.301 INFO [main] org.apache.catalina.startup.VersionLoggerListener.log Command line argument: -Djava.util.logging.manager=org.apache.juli.ClassLoaderLogManager
05-May-2026 21:44:50.301 INFO [main] org.apache.catalina.startup.VersionLoggerListener.log Command line argument: -Djdk.tls.ephemeralDHKeySize=2048
05-May-2026 21:44:50.301 INFO [main] org.apache.catalina.startup.VersionLoggerListener.log Command line argument: -Djava.protocol.handler.pkgs=org.apache.catalina.webresources
05-May-2026 21:44:50.301 INFO [main] org.apache.catalina.startup.VersionLoggerListener.log Command line argument: -Dsun.io.useCanonCaches=false
05-May-2026 21:44:50.301 INFO [main] org.apache.catalina.startup.VersionLoggerListener.log Command line argument: -Dignore.endorsed.dirs=
05-May-2026 21:44:50.301 INFO [main] org.apache.catalina.startup.VersionLoggerListener.log Command line argument: -Dcatalina.base=C:\Users\Windows\sk\apache-tomcat-9.0.117
05-May-2026 21:44:50.301 INFO [main] org.apache.catalina.startup.VersionLoggerListener.log Command line argument: -Dcatalina.home=C:\Users\Windows\sk\apache-tomcat-9.0.117
05-May-2026 21:44:50.301 INFO [main] org.apache.catalina.startup.VersionLoggerListener.log Command line argument: -Djava.io.tmpdir=C:\Users\Windows\sk\apache-tomcat-9.0.117\temp
05-May-2026 21:44:50.304 INFO [main] org.apache.catalina.core.AprLifecycleListener.lifecycleEvent Loaded Apache Tomcat Native library [1.3.7] using APR version [1.7.6].
05-May-2026 21:44:50.304 INFO [main] org.apache.catalina.core.AprLifecycleListener.lifecycleEvent APR capabilities: IPv6 [true], sendfile [true], accept filters [false], random [true], UDS [true].
05-May-2026 21:44:50.304 INFO [main] org.apache.catalina.core.AprLifecycleListener.lifecycleEvent APR/OpenSSL configuration: useAprConnector [false], useOpenSSL [true]
05-May-2026 21:44:50.309 INFO [main] org.apache.catalina.core.AprLifecycleListener.initializeSSL OpenSSL successfully initialized [OpenSSL 3.0.19 27 Jan 2026]
05-May-2026 21:44:50.516 INFO [main] org.apache.coyote.AbstractProtocol.init Initializing ProtocolHandler ["http-nio-8080"]
05-May-2026 21:44:50.547 INFO [main] org.apache.catalina.startup.Catalina.load Server initialization in [384] milliseconds
05-May-2026 21:44:50.636 INFO [main] org.apache.catalina.core.StandardService.startInternal Starting service [Catalina]
05-May-2026 21:44:50.637 INFO [main] org.apache.catalina.core.StandardEngine.startInternal Starting Servlet engine: [Apache Tomcat/9.0.117]
05-May-2026 21:44:50.646 INFO [main] org.apache.catalina.startup.HostConfig.deployDirectory Deploying web application directory [C:\Users\Windows\sk\apache-tomcat-9.0.117\webapps\docs]
05-May-2026 21:44:50.965 INFO [main] org.apache.catalina.startup.HostConfig.deployDirectory Deployment of web application directory [C:\Users\Windows\sk\apache-tomcat-9.0.117\webapps\docs] has finished in [318] ms
05-May-2026 21:44:50.966 INFO [main] org.apache.catalina.startup.HostConfig.deployDirectory Deploying web application directory [C:\Users\Windows\sk\apache-tomcat-9.0.117\webapps\examples]
05-May-2026 21:44:51.292 INFO [main] org.apache.catalina.startup.HostConfig.deployDirectory Deployment of web application directory [C:\Users\Windows\sk\apache-tomcat-9.0.117\webapps\examples] has finished in [327] ms
05-May-2026 21:44:51.292 INFO [main] org.apache.catalina.startup.HostConfig.deployDirectory Deploying web application directory [C:\Users\Windows\sk\apache-tomcat-9.0.117\webapps\host-manager]
05-May-2026 21:44:51.323 INFO [main] org.apache.catalina.startup.HostConfig.deployDirectory Deployment of web application directory [C:\Users\Windows\sk\apache-tomcat-9.0.117\webapps\host-manager] has finished in [31] ms
05-May-2026 21:44:51.324 INFO [main] org.apache.catalina.startup.HostConfig.deployDirectory Deploying web application directory [C:\Users\Windows\sk\apache-tomcat-9.0.117\webapps\HostelWebApp]
05-May-2026 21:44:51.544 INFO [main] org.apache.jasper.servlet.TldScanner.scanJars At least one JAR was scanned for TLDs yet contained no TLDs. Enable debug logging for this logger for a complete list of JARs that were scanned but no TLDs were found in them. Skipping unneeded JARs during scanning can improve startup time and JSP compilation time.
05-May-2026 21:44:51.549 INFO [main] org.apache.catalina.startup.HostConfig.deployDirectory Deployment of web application directory [C:\Users\Windows\sk\apache-tomcat-9.0.117\webapps\HostelWebApp] has finished in [224] ms
05-May-2026 21:44:51.549 INFO [main] org.apache.catalina.startup.HostConfig.deployDirectory Deploying web application directory [C:\Users\Windows\sk\apache-tomcat-9.0.117\webapps\manager]
05-May-2026 21:44:51.572 INFO [main] org.apache.catalina.startup.HostConfig.deployDirectory Deployment of web application directory [C:\Users\Windows\sk\apache-tomcat-9.0.117\webapps\manager] has finished in [23] ms
05-May-2026 21:44:51.572 INFO [main] org.apache.catalina.startup.HostConfig.deployDirectory Deploying web application directory [C:\Users\Windows\sk\apache-tomcat-9.0.117\webapps\ROOT]
05-May-2026 21:44:51.589 INFO [main] org.apache.catalina.startup.HostConfig.deployDirectory Deployment of web application directory [C:\Users\Windows\sk\apache-tomcat-9.0.117\webapps\ROOT] has finished in [17] ms
05-May-2026 21:44:51.591 INFO [main] org.apache.coyote.AbstractProtocol.start Starting ProtocolHandler ["http-nio-8080"]
05-May-2026 21:44:51.647 INFO [main] org.apache.catalina.startup.Catalina.start Server startup in [1100] milliseconds
05-May-2026 21:45:31.903 INFO [http-nio-8080-exec-1] org.apache.tomcat.util.http.parser.Cookie.logInvalidHeader A cookie header was received [g_state={"i_l":0,"i_ll":1777036444916,"i_b":"HzfSoBWrp68iovgWkKg3ATJC7GkyEWtYhfvyUaTYuhk","i_e":{"enable_itp_optimization":0},"i_et":1777036437026}] that contained an invalid cookie. That cookie will be ignored.
 Note: further occurrences of this error will be logged at DEBUG level.
